app/build/outputs/logs/manifest-merger-debug-report.txt
-- Merging decision tree log ---
manifest
ADDED from src\main\AndroidManifest.xml:2:1-291:12
	package
		ADDED from src\main\AndroidManifest.xml:4:11-39
		INJECTED from src\main\AndroidManifest.xml
		INJECTED from src\main\AndroidManifest.xml
	android:versionName
		ADDED from src\main\AndroidManifest.xml:6:11-36
		INJECTED from src\main\AndroidManifest.xml
		INJECTED from src\main\AndroidManifest.xml
	xmlns:tools
		ADDED from src\main\AndroidManifest.xml:3:11-57
	android:versionCode
		ADDED from src\main\AndroidManifest.xml:5:11-34
		INJECTED from src\main\AndroidManifest.xml
		INJECTED from src\main\AndroidManifest.xml
	xmlns:android
		ADDED from src\main\AndroidManifest.xml:2:11-69
uses-sdk
ADDED from src\main\AndroidManifest.xml:8:5-10:40
MERGED from [com.android.support:appcompat-v7:19.1.0] AndroidManifest.xml:18:5-42
	android:targetSdkVersion
		ADDED from src\main\AndroidManifest.xml:10:9-38
		INJECTED from src\main\AndroidManifest.xml
		INJECTED from src\main\AndroidManifest.xml
	android:minSdkVersion
		ADDED from src\main\AndroidManifest.xml:9:9-35
		INJECTED from src\main\AndroidManifest.xml
		INJECTED from src\main\AndroidManifest.xml
uses-feature#android.hardware.usb.host
ADDED from src\main\AndroidManifest.xml:12:5-14:34
	android:required
		ADDED from src\main\AndroidManifest.xml:14:9-32
	android:name
		ADDED from src\main\AndroidManifest.xml:13:9-49
uses-permission#android.hardware.usb.UsbAccessory
ADDED from src\main\AndroidManifest.xml:16:5-72
	android:name
		ADDED from src\main\AndroidManifest.xml:16:22-70
uses-permission#android.permission.READ_EXTERNAL_STORAGE
ADDED from src\main\AndroidManifest.xml:17:5-79
	android:name
		ADDED from src\main\AndroidManifest.xml:17:22-77
uses-permission#android.permission.WRITE_EXTERNAL_STORAGE
ADDED from src\main\AndroidManifest.xml:18:5-80
	android:name
		ADDED from src\main\AndroidManifest.xml:18:22-78
uses-permission#android.permission.BLUETOOTH
ADDED from src\main\AndroidManifest.xml:19:5-67
	android:name
		ADDED from src\main\AndroidManifest.xml:19:22-65
uses-permission#android.permission.BLUETOOTH_ADMIN
ADDED from src\main\AndroidManifest.xml:20:5-73
	android:name
		ADDED from src\main\AndroidManifest.xml:20:22-71
uses-permission#android.permission.BLUETOOTH_PRIVILEGED
ADDED from src\main\AndroidManifest.xml:21:5-78
	android:name
		ADDED from src\main\AndroidManifest.xml:21:22-76
uses-permission#android.permission.INTERNET
ADDED from src\main\AndroidManifest.xml:22:5-66
	android:name
		ADDED from src\main\AndroidManifest.xml:22:22-64
uses-permission#android.permission.ACCESS_NETWORK_STATE
ADDED from src\main\AndroidManifest.xml:23:5-78
	android:name
		ADDED from src\main\AndroidManifest.xml:23:22-76
uses-permission#android.permission.CHANGE_NETWORK_STATE
ADDED from src\main\AndroidManifest.xml:24:5-78
	android:name
		ADDED from src\main\AndroidManifest.xml:24:22-76
uses-permission#android.permission.ACCESS_WIFI_STATE
ADDED from src\main\AndroidManifest.xml:25:5-75
	android:name
		ADDED from src\main\AndroidManifest.xml:25:22-73
uses-permission#android.permission.CHANGE_WIFI_STATE
ADDED from src\main\AndroidManifest.xml:26:5-75
	android:name
		ADDED from src\main\AndroidManifest.xml:26:22-73
uses-permission#android.permission.CAMERA
ADDED from src\main\AndroidManifest.xml:27:5-64
	android:name
		ADDED from src\main\AndroidManifest.xml:27:22-62
uses-permission#android.permission.VIBRATE
ADDED from src\main\AndroidManifest.xml:28:5-65
	android:name
		ADDED from src\main\AndroidManifest.xml:28:22-63
uses-permission#android.permission.ACCESS_COARSE_LOCATION
ADDED from src\main\AndroidManifest.xml:29:5-80
	android:name
		ADDED from src\main\AndroidManifest.xml:29:22-78
uses-permission#android.permission.RESTART_PACKAGES
ADDED from src\main\AndroidManifest.xml:34:5-74
	android:name
		ADDED from src\main\AndroidManifest.xml:34:22-72
uses-permission#android.permission.MOUNT_UNMOUNT_FILESYSTEMS
ADDED from src\main\AndroidManifest.xml:35:5-83
	android:name
		ADDED from src\main\AndroidManifest.xml:35:22-81
uses-permission#android.permission.READ_PHONE_STATE
ADDED from src\main\AndroidManifest.xml:36:5-74
	android:name
		ADDED from src\main\AndroidManifest.xml:36:22-72
uses-permission#android.permission.READ_LOGS
ADDED from src\main\AndroidManifest.xml:37:5-67
	android:name
		ADDED from src\main\AndroidManifest.xml:37:22-65
uses-permission#android.permission.SYSTEM_ALERT_WINDOW
ADDED from src\main\AndroidManifest.xml:38:5-77
	android:name
		ADDED from src\main\AndroidManifest.xml:38:22-75
uses-feature#android.hardware.camera
ADDED from src\main\AndroidManifest.xml:40:5-42:35
	android:required
		ADDED from src\main\AndroidManifest.xml:42:9-33
	android:name
		ADDED from src\main\AndroidManifest.xml:41:9-47
uses-feature#android.hardware.camera.front
ADDED from src\main\AndroidManifest.xml:43:5-45:35
	android:required
		ADDED from src\main\AndroidManifest.xml:45:9-33
	android:name
		ADDED from src\main\AndroidManifest.xml:44:9-53
uses-feature#android.hardware.camera.autofocus
ADDED from src\main\AndroidManifest.xml:46:5-48:35
	android:required
		ADDED from src\main\AndroidManifest.xml:48:9-33
	android:name
		ADDED from src\main\AndroidManifest.xml:47:9-57
uses-feature#android.hardware.camera.flash
ADDED from src\main\AndroidManifest.xml:49:5-51:35
	android:required
		ADDED from src\main\AndroidManifest.xml:51:9-33
	android:name
		ADDED from src\main\AndroidManifest.xml:50:9-53
uses-feature#android.hardware.screen.landscape
ADDED from src\main\AndroidManifest.xml:52:5-69
	android:name
		ADDED from src\main\AndroidManifest.xml:52:19-67
uses-feature#android.hardware.wifi
ADDED from src\main\AndroidManifest.xml:53:5-55:35
	android:required
		ADDED from src\main\AndroidManifest.xml:55:9-33
	android:name
		ADDED from src\main\AndroidManifest.xml:54:9-45
uses-feature#android.hardware.touchscreen
ADDED from src\main\AndroidManifest.xml:56:5-64
	android:name
		ADDED from src\main\AndroidManifest.xml:56:19-62
supports-screens
ADDED from src\main\AndroidManifest.xml:58:5-63:39
	android:largeScreens
		ADDED from src\main\AndroidManifest.xml:60:9-36
	android:smallScreens
		ADDED from src\main\AndroidManifest.xml:62:9-36
	android:normalScreens
		ADDED from src\main\AndroidManifest.xml:61:9-37
	android:xlargeScreens
		ADDED from src\main\AndroidManifest.xml:63:9-37
	android:anyDensity
		ADDED from src\main\AndroidManifest.xml:59:9-34
uses-permission#android.permission.FLASHLIGHT
ADDED from src\main\AndroidManifest.xml:68:5-68
	android:name
		ADDED from src\main\AndroidManifest.xml:68:22-66
uses-permission#android.permission.READ_CONTACTS
ADDED from src\main\AndroidManifest.xml:69:5-71
	android:name
		ADDED from src\main\AndroidManifest.xml:69:22-69
uses-permission#com.android.browser.permission.READ_HISTORY_BOOKMARKS
ADDED from src\main\AndroidManifest.xml:70:5-92
	android:name
		ADDED from src\main\AndroidManifest.xml:70:22-90
application
ADDED from src\main\AndroidManifest.xml:75:5-289:19
MERGED from [com.android.support:appcompat-v7:19.1.0] AndroidManifest.xml:19:5-20
	android:label
		ADDED from src\main\AndroidManifest.xml:78:9-41
	android:allowBackup
		ADDED from src\main\AndroidManifest.xml:76:9-35
	android:icon
		ADDED from src\main\AndroidManifest.xml:77:9-45
	android:theme
		ADDED from src\main\AndroidManifest.xml:79:9-40
	tools:replace
		ADDED from src\main\AndroidManifest.xml:80:9-65
activity#com.eaosoft.mclerk.MainActivity
ADDED from src\main\AndroidManifest.xml:81:9-90:20
	android:screenOrientation
		ADDED from src\main\AndroidManifest.xml:84:13-49
	android:label
		ADDED from src\main\AndroidManifest.xml:83:13-45
	android:name
		ADDED from src\main\AndroidManifest.xml:82:13-41
intent-filter#android.intent.action.MAIN+android.intent.category.LAUNCHER
ADDED from src\main\AndroidManifest.xml:85:13-89:29
action#android.intent.action.MAIN
ADDED from src\main\AndroidManifest.xml:86:17-68
	android:name
		ADDED from src\main\AndroidManifest.xml:86:25-66
category#android.intent.category.LAUNCHER
ADDED from src\main\AndroidManifest.xml:88:17-76
	android:name
		ADDED from src\main\AndroidManifest.xml:88:27-74
activity#com.eaosoft.mclerk.GFramActZXingCapture
ADDED from src\main\AndroidManifest.xml:91:9-93:51
	android:screenOrientation
		ADDED from src\main\AndroidManifest.xml:93:13-49
	android:name
		ADDED from src\main\AndroidManifest.xml:92:13-49
activity#com.eaosoft.mclerk.GActUserInfo
ADDED from src\main\AndroidManifest.xml:95:9-97:51
	android:screenOrientation
		ADDED from src\main\AndroidManifest.xml:97:13-49
	android:name
		ADDED from src\main\AndroidManifest.xml:96:13-41
activity#com.eaosoft.mclerk.GActUserChangePass
ADDED from src\main\AndroidManifest.xml:98:9-100:51
	android:screenOrientation
		ADDED from src\main\AndroidManifest.xml:100:13-49
	android:name
		ADDED from src\main\AndroidManifest.xml:99:13-47
activity#com.eaosoft.mclerk.GActUserLogin
ADDED from src\main\AndroidManifest.xml:101:9-103:51
	android:screenOrientation
		ADDED from src\main\AndroidManifest.xml:103:13-49
	android:name
		ADDED from src\main\AndroidManifest.xml:102:13-42
activity#com.eaosoft.mclerk.GActWebView
ADDED from src\main\AndroidManifest.xml:105:9-48
	android:name
		ADDED from src\main\AndroidManifest.xml:105:19-46
activity#com.eaosoft.mclerk.GActCardKindList
ADDED from src\main\AndroidManifest.xml:106:9-108:51
	android:screenOrientation
		ADDED from src\main\AndroidManifest.xml:108:13-49
	android:name
		ADDED from src\main\AndroidManifest.xml:107:13-45
activity#com.eaosoft.mclerk.GActCardKindDetail
ADDED from src\main\AndroidManifest.xml:109:9-111:51
	android:screenOrientation
		ADDED from src\main\AndroidManifest.xml:111:13-49
	android:name
		ADDED from src\main\AndroidManifest.xml:110:13-47
activity#com.eaosoft.mclerk.GActCardCreate
ADDED from src\main\AndroidManifest.xml:112:9-114:51
	android:screenOrientation
		ADDED from src\main\AndroidManifest.xml:114:13-49
	android:name
		ADDED from src\main\AndroidManifest.xml:113:13-43
activity#com.eaosoft.mclerk.GActCardCreateOrder
ADDED from src\main\AndroidManifest.xml:115:9-117:51
	android:screenOrientation
		ADDED from src\main\AndroidManifest.xml:117:13-49
	android:name
		ADDED from src\main\AndroidManifest.xml:116:13-48
activity#com.eaosoft.mclerk.GActCardGoodsChange
ADDED from src\main\AndroidManifest.xml:118:9-120:51
	android:screenOrientation
		ADDED from src\main\AndroidManifest.xml:120:13-49
	android:name
		ADDED from src\main\AndroidManifest.xml:119:13-48
activity#com.eaosoft.mclerk.GActGroupList
ADDED from src\main\AndroidManifest.xml:121:9-123:51
	android:screenOrientation
		ADDED from src\main\AndroidManifest.xml:123:13-49
	android:name
		ADDED from src\main\AndroidManifest.xml:122:13-42
activity#com.google.zxing.client.android.CaptureActivity
ADDED from src\main\AndroidManifest.xml:124:9-181:20
	android:clearTaskOnLaunch
		ADDED from src\main\AndroidManifest.xml:126:13-45
	android:screenOrientation
		ADDED from src\main\AndroidManifest.xml:128:13-50
	android:stateNotNeeded
		ADDED from src\main\AndroidManifest.xml:129:13-42
	android:windowSoftInputMode
		ADDED from src\main\AndroidManifest.xml:131:13-60
	android:configChanges
		ADDED from src\main\AndroidManifest.xml:127:13-63
	android:theme
		ADDED from src\main\AndroidManifest.xml:130:13-71
	android:name
		ADDED from src\main\AndroidManifest.xml:125:13-75
intent-filter#android.intent.category.DEFAULT+com.google.zxing.client.android.SCAN
ADDED from src\main\AndroidManifest.xml:132:13-136:29
action#com.google.zxing.client.android.SCAN
ADDED from src\main\AndroidManifest.xml:133:17-78
	android:name
		ADDED from src\main\AndroidManifest.xml:133:25-76
category#android.intent.category.DEFAULT
ADDED from src\main\AndroidManifest.xml:135:17-75
	android:name
		ADDED from src\main\AndroidManifest.xml:135:27-73
intent-filter#android.intent.action.VIEW+android.intent.category.BROWSABLE+android.intent.category.DEFAULT
ADDED from src\main\AndroidManifest.xml:137:13-147:29
action#android.intent.action.VIEW
ADDED from src\main\AndroidManifest.xml:138:17-68
	android:name
		ADDED from src\main\AndroidManifest.xml:138:25-66
category#android.intent.category.BROWSABLE
ADDED from src\main\AndroidManifest.xml:141:17-77
	android:name
		ADDED from src\main\AndroidManifest.xml:141:27-75
data
ADDED from src\main\AndroidManifest.xml:143:17-146:44
	android:path
		ADDED from src\main\AndroidManifest.xml:145:21-41
	android:host
		ADDED from src\main\AndroidManifest.xml:144:21-53
	android:scheme
		ADDED from src\main\AndroidManifest.xml:146:21-42
activity#com.google.zxing.client.android.PreferencesActivity
ADDED from src\main\AndroidManifest.xml:182:9-185:44
	android:label
		ADDED from src\main\AndroidManifest.xml:184:13-53
	android:stateNotNeeded
		ADDED from src\main\AndroidManifest.xml:185:13-42
	android:name
		ADDED from src\main\AndroidManifest.xml:183:13-79
activity#com.google.zxing.client.android.encode.EncodeActivity
ADDED from src\main\AndroidManifest.xml:186:9-208:20
	android:stateNotNeeded
		ADDED from src\main\AndroidManifest.xml:188:13-42
	android:name
		ADDED from src\main\AndroidManifest.xml:187:13-81
intent-filter#android.intent.category.DEFAULT+com.google.zxing.client.android.ENCODE
ADDED from src\main\AndroidManifest.xml:189:13-193:29
action#com.google.zxing.client.android.ENCODE
ADDED from src\main\AndroidManifest.xml:190:17-80
	android:name
		ADDED from src\main\AndroidManifest.xml:190:25-78
intent-filter#android.intent.action.SEND+android.intent.category.DEFAULT
ADDED from src\main\AndroidManifest.xml:194:13-200:29
action#android.intent.action.SEND
ADDED from src\main\AndroidManifest.xml:195:17-68
	android:name
		ADDED from src\main\AndroidManifest.xml:195:25-66
activity#com.google.zxing.client.android.book.SearchBookContentsActivity
ADDED from src\main\AndroidManifest.xml:209:9-220:20
	android:screenOrientation
		ADDED from src\main\AndroidManifest.xml:213:13-50
	android:label
		ADDED from src\main\AndroidManifest.xml:212:13-45
	android:stateNotNeeded
		ADDED from src\main\AndroidManifest.xml:214:13-42
	android:configChanges
		ADDED from src\main\AndroidManifest.xml:211:13-63
	android:name
		ADDED from src\main\AndroidManifest.xml:210:13-91
intent-filter#android.intent.category.DEFAULT+com.google.zxing.client.android.SEARCH_BOOK_CONTENTS
ADDED from src\main\AndroidManifest.xml:215:13-219:29
action#com.google.zxing.client.android.SEARCH_BOOK_CONTENTS
ADDED from src\main\AndroidManifest.xml:216:17-94
	android:name
		ADDED from src\main\AndroidManifest.xml:216:25-92
activity#com.google.zxing.client.android.share.ShareActivity
ADDED from src\main\AndroidManifest.xml:221:9-231:20
	android:screenOrientation
		ADDED from src\main\AndroidManifest.xml:223:13-45
	android:stateNotNeeded
		ADDED from src\main\AndroidManifest.xml:224:13-42
	android:theme
		ADDED from src\main\AndroidManifest.xml:225:13-55
	android:name
		ADDED from src\main\AndroidManifest.xml:222:13-79
intent-filter#android.intent.category.DEFAULT+com.google.zxing.client.android.SHARE
ADDED from src\main\AndroidManifest.xml:226:13-230:29
action#com.google.zxing.client.android.SHARE
ADDED from src\main\AndroidManifest.xml:227:17-79
	android:name
		ADDED from src\main\AndroidManifest.xml:227:25-77
activity#com.google.zxing.client.android.history.HistoryActivity
ADDED from src\main\AndroidManifest.xml:232:9-241:20
	android:label
		ADDED from src\main\AndroidManifest.xml:234:13-50
	android:stateNotNeeded
		ADDED from src\main\AndroidManifest.xml:235:13-42
	android:name
		ADDED from src\main\AndroidManifest.xml:233:13-83
intent-filter#android.intent.action.VIEW+android.intent.category.DEFAULT
ADDED from src\main\AndroidManifest.xml:236:13-240:29
activity#com.google.zxing.client.android.share.BookmarkPickerActivity
ADDED from src\main\AndroidManifest.xml:242:9-251:20
	android:label
		ADDED from src\main\AndroidManifest.xml:244:13-57
	android:stateNotNeeded
		ADDED from src\main\AndroidManifest.xml:245:13-42
	android:name
		ADDED from src\main\AndroidManifest.xml:243:13-88
intent-filter#android.intent.action.PICK+android.intent.category.DEFAULT
ADDED from src\main\AndroidManifest.xml:246:13-250:29
action#android.intent.action.PICK
ADDED from src\main\AndroidManifest.xml:247:17-68
	android:name
		ADDED from src\main\AndroidManifest.xml:247:25-66
activity#com.google.zxing.client.android.share.AppPickerActivity
ADDED from src\main\AndroidManifest.xml:252:9-262:20
	android:label
		ADDED from src\main\AndroidManifest.xml:255:13-52
	android:stateNotNeeded
		ADDED from src\main\AndroidManifest.xml:256:13-42
	android:configChanges
		ADDED from src\main\AndroidManifest.xml:254:13-48
	android:name
		ADDED from src\main\AndroidManifest.xml:253:13-83
activity#com.google.zxing.client.android.HelpActivity
ADDED from src\main\AndroidManifest.xml:263:9-271:20
	android:screenOrientation
		ADDED from src\main\AndroidManifest.xml:265:13-45
	android:name
		ADDED from src\main\AndroidManifest.xml:264:13-72
activity#com.eaosoft.mclerk.GWareHouseFillPrint
ADDED from src\main\AndroidManifest.xml:272:9-274:76
	android:label
		ADDED from src\main\AndroidManifest.xml:274:13-74
	android:name
		ADDED from src\main\AndroidManifest.xml:273:13-48
activity#com.eaosoft.mclerk.GWareHouseOrderDetail
ADDED from src\main\AndroidManifest.xml:275:9-277:66
	android:label
		ADDED from src\main\AndroidManifest.xml:277:13-64
	android:name
		ADDED from src\main\AndroidManifest.xml:276:13-50
activity#com.eaosoft.mclerk.GWareHouseStatistics
ADDED from src\main\AndroidManifest.xml:278:9-280:76
	android:label
		ADDED from src\main\AndroidManifest.xml:280:13-74
	android:name
		ADDED from src\main\AndroidManifest.xml:279:13-49
activity#com.eaosoft.mclerk.GWareHouseStatisticsDetail
ADDED from src\main\AndroidManifest.xml:281:9-283:83
	android:label
		ADDED from src\main\AndroidManifest.xml:283:13-81
	android:name
		ADDED from src\main\AndroidManifest.xml:282:13-55
service#net.posprinter.service.PosprinterService
ADDED from src\main\AndroidManifest.xml:285:9-75
	android:name
		ADDED from src\main\AndroidManifest.xml:285:18-73
activity#com.eaosoft.mclerk.GCashier_Package
ADDED from src\main\AndroidManifest.xml:287:9-288:20
	android:name
		ADDED from src\main\AndroidManifest.xml:287:19-51